/root/pro/mike/vendor/cache/ruby/2.5.0/gems/webconsole-0.2.1/lib/webconsole/lib/module.rb:1:in `require': cannot load such file -- Shellwords (LoadError)
	from /root/pro/mike/vendor/cache/ruby/2.5.0/gems/webconsole-0.2.1/lib/webconsole/lib/module.rb:1:in `<top (required)>'
	from /root/pro/mike/vendor/cache/ruby/2.5.0/gems/webconsole-0.2.1/lib/webconsole/lib/view/resources.rb:6:in `require_relative'
	from /root/pro/mike/vendor/cache/ruby/2.5.0/gems/webconsole-0.2.1/lib/webconsole/lib/view/resources.rb:6:in `<class:View>'
	from /root/pro/mike/vendor/cache/ruby/2.5.0/gems/webconsole-0.2.1/lib/webconsole/lib/view/resources.rb:2:in `<module:WebConsole>'
	from /root/pro/mike/vendor/cache/ruby/2.5.0/gems/webconsole-0.2.1/lib/webconsole/lib/view/resources.rb:1:in `<top (required)>'
	from /root/pro/mike/vendor/cache/ruby/2.5.0/gems/webconsole-0.2.1/lib/webconsole/lib/view.rb:4:in `require_relative'
	from /root/pro/mike/vendor/cache/ruby/2.5.0/gems/webconsole-0.2.1/lib/webconsole/lib/view.rb:4:in `<top (required)>'
	from /root/pro/mike/vendor/cache/ruby/2.5.0/gems/webconsole-0.2.1/lib/webconsole.rb:5:in `require_relative'
	from /root/pro/mike/vendor/cache/ruby/2.5.0/gems/webconsole-0.2.1/lib/webconsole.rb:5:in `<module:WebConsole>'
	from /root/pro/mike/vendor/cache/ruby/2.5.0/gems/webconsole-0.2.1/lib/webconsole.rb:1:in `<top (required)>'
	from /usr/local/lib/site_ruby/2.5.0/bundler/runtime.rb:81:in `require'
	from /usr/local/lib/site_ruby/2.5.0/bundler/runtime.rb:81:in `block (2 levels) in require'
	from /usr/local/lib/site_ruby/2.5.0/bundler/runtime.rb:76:in `each'
	from /usr/local/lib/site_ruby/2.5.0/bundler/runtime.rb:76:in `block in require'
	from /usr/local/lib/site_ruby/2.5.0/bundler/runtime.rb:65:in `each'
	from /usr/local/lib/site_ruby/2.5.0/bundler/runtime.rb:65:in `require'
	from /usr/local/lib/site_ruby/2.5.0/bundler.rb:114:in `require'
	from /root/pro/mike/config/application.rb:7:in `<top (required)>'
	from /root/pro/mike/config/environment.rb:2:in `require'
	from /root/pro/mike/config/environment.rb:2:in `<top (required)>'
	from lib/daemons/k.rb:1:in `require'
	from lib/daemons/k.rb:1:in `<main>'
lib/daemons/k.rb: incompatible library version - /root/pro/mike/vendor/bundle/ruby/2.5.0/gems/mysql2-0.5.2/lib/mysql2/mysql2.so (LoadError)
lib/daemons/k.rb: incompatible library version - /root/pro/mike/vendor/bundle/ruby/2.5.0/gems/mysql2-0.5.2/lib/mysql2/mysql2.so (LoadError)
